<?xml version="1.0" encoding="UTF-8" ?>
<testsuite tests="3" failures="0" name="chainTest.demo.CoinChangeParamTest" time="0" errors="0" skipped="0">
  <properties>
[...]
</properties>
  <testcase classname="chainTest.demo.CoinChangeParamTest" name="testPrimeNumberChecker[0]" time="0"/>
  <testcase classname="chainTest.demo.CoinChangeParamTest" name="testPrimeNumberChecker[1]" time="0"/>
  <testcase classname="chainTest.demo.CoinChangeParamTest" name="testPrimeNumberChecker[2]" time="0"/>
</testsuite>